2026/04/13 03:19:10 [notice] 1#1: using the "epoll" event method
2026/04/13 03:19:10 [notice] 1#1: nginx/1.29.8
2026/04/13 03:19:10 [notice] 1#1: built by gcc 14.2.0 (Debian 14.2.0-19) 
2026/04/13 03:19:10 [notice] 1#1: OS: Linux 6.1.0-27-amd64
2026/04/13 03:19:10 [notice] 1#1: getrlimit(RLIMIT_NOFILE): 1048576:1048576
2026/04/13 03:19:10 [notice] 1#1: start worker processes
2026/04/13 03:19:10 [notice] 1#1: start worker process 27
2026/04/13 03:19:10 [notice] 1#1: start worker process 28
2026/04/13 03:25:54 [notice] 1#1: signal 3 (SIGQUIT) received, shutting down
2026/04/13 03:25:54 [notice] 27#27: gracefully shutting down
2026/04/13 03:25:54 [notice] 28#28: gracefully shutting down
2026/04/13 03:25:54 [notice] 27#27: exiting
2026/04/13 03:25:54 [notice] 28#28: exiting
2026/04/13 03:25:54 [notice] 27#27: exit
2026/04/13 03:25:54 [notice] 28#28: exit
2026/04/13 03:25:54 [notice] 1#1: signal 17 (SIGCHLD) received from 27
2026/04/13 03:25:54 [notice] 1#1: worker process 27 exited with code 0
2026/04/13 03:25:54 [notice] 1#1: signal 29 (SIGIO) received
2026/04/13 03:25:54 [notice] 1#1: signal 17 (SIGCHLD) received from 28
2026/04/13 03:25:54 [notice] 1#1: worker process 28 exited with code 0
2026/04/13 03:25:54 [notice] 1#1: exit
